<?xml version="1.0" encoding="UTF-8"?>
<testsuite xmlns:xsi="http://www.w3.org/2001/XMLSchema-instance" xsi:noNamespaceSchemaLocation="https://maven.apache.org/surefire/maven-surefire-plugin/xsd/surefire-test-report-3.0.xsd" version="3.0" name="com.example.runner.CucumberTest" time="71.852" tests="15" errors="0" skipped="0" failures="0">
  <properties>
[...]
</properties>
  <testcase name="Broken ID locator" classname="RTCtek - Demonstrate failing locators across strategies" time="25.575">
    <system-out><![CDATA[
@rtctek @bad_id
Scenario: Broken ID locator                               # src/test/resources/features/rtctek_locators.feature:12
✅ RTC Smart Driver HTTP integration initialized
🔧 RTC WebDriver wrapper initialized with automatic healing
  Given I open the RTCtek homepage                        # com.example.steps.LocatorSteps.i_open_the_rtctek_homepage()
🔧 Locator failed, attempting RTC healing: By.id: menu-main-men
✅ Locator healed: By.id: menu-main-men → menu-main-menu
✅ Successfully located: id = menu-main-men
🔧 Element found: ul
  When I try to locate by "id" with value "menu-main-men" # com.example.steps.LocatorSteps.i_try_to_locate_by_with_value(java.lang.String,java.lang.String)
  Then the step should fail due to locator issue          # com.example.steps.LocatorSteps.the_step_should_fail_due_to_locator_issue()
]]></system-out>
    <system-err><![CDATA[Sep 10, 2025 4:10:33 PM org.openqa.selenium.devtools.CdpVersionFinder findNearestMatch
WARNING: Unable to find CDP implementation matching 140
Sep 10, 2025 4:10:33 PM org.openqa.selenium.chromium.ChromiumDriver lambda$new$5
WARNING: Unable to find version of CDP to use for 140.0.7339.81. You may need to include a dependency on a specific version of the CDP using something similar to `org.seleniumhq.selenium:selenium-devtools-v86:4.21.0` where the version ("v86") matches the version of the chromium-based browser you're using and the version number of the artifact is the same as Selenium's.
]]></system-err>
  </testcase>
  <testcase name="Broken NAME locator" classname="RTCtek - Demonstrate failing locators across strategies" time="0.667">
    <system-out><![CDATA[
@rtctek @bad_name
Scenario: Broken NAME locator                    # src/test/resources/features/rtctek_locators.feature:17
  Given I open the RTCtek homepage               # com.example.steps.LocatorSteps.i_open_the_rtctek_homepage()
✅ Successfully located: name = s
🔧 Element found: input
  When I try to locate by "name" with value "s"  # com.example.steps.LocatorSteps.i_try_to_locate_by_with_value(java.lang.String,java.lang.String)
  Then the step should fail due to locator issue # com.example.steps.LocatorSteps.the_step_should_fail_due_to_locator_issue()
]]></system-out>
  </testcase>
  <testcase name="Broken CLASSNAME locator" classname="RTCtek - Demonstrate failing locators across strategies" time="6.781">
    <system-out><![CDATA[
@rtctek @bad_classname
Scenario: Broken CLASSNAME locator                                       # src/test/resources/features/rtctek_locators.feature:22
  Given I open the RTCtek homepage                                       # com.example.steps.LocatorSteps.i_open_the_rtctek_homepage()
🔧 Locator failed, attempting RTC healing: By.className: elementor-heading-tit
✅ Locator healed: By.className: elementor-heading-tit → .elementor-heading-title
✅ Successfully located: className = elementor-heading-tit
🔧 Element found: h1
  When I try to locate by "className" with value "elementor-heading-tit" # com.example.steps.LocatorSteps.i_try_to_locate_by_with_value(java.lang.String,java.lang.String)
  Then the step should fail due to locator issue                         # com.example.steps.LocatorSteps.the_step_should_fail_due_to_locator_issue()
]]></system-out>
  </testcase>
  <testcase name="Broken CSS locator - attribute" classname="RTCtek - Demonstrate failing locators across strategies" time="0.175">
    <system-out><![CDATA[
@rtctek @bad_css_1
Scenario: Broken CSS locator - attribute                         # src/test/resources/features/rtctek_locators.feature:27
  Given I open the RTCtek homepage                               # com.example.steps.LocatorSteps.i_open_the_rtctek_homepage()
✅ Successfully located: css = a[href*='linkedin']
🔧 Element found: a
  When I try to locate by "css" with value "a[href*='linkedin']" # com.example.steps.LocatorSteps.i_try_to_locate_by_with_value(java.lang.String,java.lang.String)
  Then the step should fail due to locator issue                 # com.example.steps.LocatorSteps.the_step_should_fail_due_to_locator_issue()
]]></system-out>
  </testcase>
  <testcase name="Broken CSS locator - nth-child" classname="RTCtek - Demonstrate failing locators across strategies" time="0.167">
    <system-out><![CDATA[
@rtctek @bad_css_2
Scenario: Broken CSS locator - nth-child                                         # src/test/resources/features/rtctek_locators.feature:32
  Given I open the RTCtek homepage                                               # com.example.steps.LocatorSteps.i_open_the_rtctek_homepage()
✅ Successfully located: css = ul#menu-main-menu li:nth-child(2) a
🔧 Element found: a
  When I try to locate by "css" with value "ul#menu-main-menu li:nth-child(2) a" # com.example.steps.LocatorSteps.i_try_to_locate_by_with_value(java.lang.String,java.lang.String)
  Then the step should fail due to locator issue                                 # com.example.steps.LocatorSteps.the_step_should_fail_due_to_locator_issue()
]]></system-out>
  </testcase>
  <testcase name="Broken XPATH - wrong id" classname="RTCtek - Demonstrate failing locators across strategies" time="26.454">
    <system-out><![CDATA[
@rtctek @bad_xpath_1
Scenario: Broken XPATH - wrong id                                          # src/test/resources/features/rtctek_locators.feature:37
  Given I open the RTCtek homepage                                         # com.example.steps.LocatorSteps.i_open_the_rtctek_homepage()
🔧 Locator failed, attempting RTC healing: By.xpath: //*[@id='menu-item-4711']/a
✅ Locator healed: By.xpath: //*[@id='menu-item-4711']/a → //a[text()='About Us']
✅ Successfully located: xpath = //*[@id='menu-item-4711']/a
🔧 Element found: a
  When I try to locate by "xpath" with value "//*[@id='menu-item-4711']/a" # com.example.steps.LocatorSteps.i_try_to_locate_by_with_value(java.lang.String,java.lang.String)
  Then the step should fail due to locator issue                           # com.example.steps.LocatorSteps.the_step_should_fail_due_to_locator_issue()
]]></system-out>
  </testcase>
  <testcase name="Broken XPATH - brittle index" classname="RTCtek - Demonstrate failing locators across strategies" time="0.158">
    <system-out><![CDATA[
@rtctek @bad_xpath_2
Scenario: Broken XPATH - brittle index                                                  # src/test/resources/features/rtctek_locators.feature:42
  Given I open the RTCtek homepage                                                      # com.example.steps.LocatorSteps.i_open_the_rtctek_homepage()
✅ Successfully located: xpath = (//a[contains(@href,'linkedin.com')])[1]
🔧 Element found: a
  When I try to locate by "xpath" with value "(//a[contains(@href,'linkedin.com')])[1]" # com.example.steps.LocatorSteps.i_try_to_locate_by_with_value(java.lang.String,java.lang.String)
  Then the step should fail due to locator issue                                        # com.example.steps.LocatorSteps.the_step_should_fail_due_to_locator_issue()
]]></system-out>
  </testcase>
  <testcase name="Broken LINKTEXT locator" classname="RTCtek - Demonstrate failing locators across strategies" time="5.239">
    <system-out><![CDATA[
@rtctek @bad_linktext
Scenario: Broken LINKTEXT locator                           # src/test/resources/features/rtctek_locators.feature:47
  Given I open the RTCtek homepage                          # com.example.steps.LocatorSteps.i_open_the_rtctek_homepage()
🔧 Locator failed, attempting RTC healing: By.linkText: Contact U
✅ Locator healed: By.linkText: Contact U → linktext:Contact Us

✅ Successfully located: linkText = Contact U
🔧 Element found: a
  When I try to locate by "linkText" with value "Contact U" # com.example.steps.LocatorSteps.i_try_to_locate_by_with_value(java.lang.String,java.lang.String)
  Then the step should fail due to locator issue            # com.example.steps.LocatorSteps.the_step_should_fail_due_to_locator_issue()
]]></system-out>
  </testcase>
  <testcase name="Broken PARTIALLINKTEXT locator" classname="RTCtek - Demonstrate failing locators across strategies" time="0.148">
    <system-out><![CDATA[
@rtctek @bad_partiallinktext
Scenario: Broken PARTIALLINKTEXT locator                         # src/test/resources/features/rtctek_locators.feature:52
  Given I open the RTCtek homepage                               # com.example.steps.LocatorSteps.i_open_the_rtctek_homepage()
✅ Successfully located: partialLinkText = Contact
🔧 Element found: a
  When I try to locate by "partialLinkText" with value "Contact" # com.example.steps.LocatorSteps.i_try_to_locate_by_with_value(java.lang.String,java.lang.String)
  Then the step should fail due to locator issue                 # com.example.steps.LocatorSteps.the_step_should_fail_due_to_locator_issue()
]]></system-out>
  </testcase>
  <testcase name="Broken TAGNAME locator" classname="RTCtek - Demonstrate failing locators across strategies" time="0.141">
    <system-out><![CDATA[
@rtctek @bad_tagname
Scenario: Broken TAGNAME locator                        # src/test/resources/features/rtctek_locators.feature:57
  Given I open the RTCtek homepage                      # com.example.steps.LocatorSteps.i_open_the_rtctek_homepage()
✅ Successfully located: tagName = header
🔧 Element found: header
  When I try to locate by "tagName" with value "header" # com.example.steps.LocatorSteps.i_try_to_locate_by_with_value(java.lang.String,java.lang.String)
  Then the step should fail due to locator issue        # com.example.steps.LocatorSteps.the_step_should_fail_due_to_locator_issue()
]]></system-out>
  </testcase>
  <testcase name="Valid ID locator" classname="RTCtek - Demonstrate failing locators across strategies" time="0.143">
    <system-out><![CDATA[
@rtctek @good_id
Scenario: Valid ID locator                                 # src/test/resources/features/rtctek_locators.feature:62
  Given I open the RTCtek homepage                         # com.example.steps.LocatorSteps.i_open_the_rtctek_homepage()
✅ Successfully located: id = menu-main-menu
🔧 Element found: ul
  When I try to locate by "id" with value "menu-main-menu" # com.example.steps.LocatorSteps.i_try_to_locate_by_with_value(java.lang.String,java.lang.String)
  Then the element should be found successfully            # com.example.steps.LocatorSteps.the_element_should_be_found_successfully()
]]></system-out>
  </testcase>
  <testcase name="Valid CLASSNAME locator" classname="RTCtek - Demonstrate failing locators across strategies" time="0.149">
    <system-out><![CDATA[
@rtctek @good_classname
Scenario: Valid CLASSNAME locator                                          # src/test/resources/features/rtctek_locators.feature:67
  Given I open the RTCtek homepage                                         # com.example.steps.LocatorSteps.i_open_the_rtctek_homepage()
✅ Successfully located: className = elementor-heading-title
🔧 Element found: h1
  When I try to locate by "className" with value "elementor-heading-title" # com.example.steps.LocatorSteps.i_try_to_locate_by_with_value(java.lang.String,java.lang.String)
  Then the element should be found successfully                            # com.example.steps.LocatorSteps.the_element_should_be_found_successfully()
]]></system-out>
  </testcase>
  <testcase name="Valid CSS locator" classname="RTCtek - Demonstrate failing locators across strategies" time="5.005">
    <system-out><![CDATA[
@rtctek @good_css
Scenario: Valid CSS locator                                      # src/test/resources/features/rtctek_locators.feature:72
  Given I open the RTCtek homepage                               # com.example.steps.LocatorSteps.i_open_the_rtctek_homepage()
🔧 Locator failed, attempting RTC healing: By.cssSelector: a[href='/contact/']
✅ Locator healed: By.cssSelector: a[href='/contact/'] → linktext:Contact Us

✅ Successfully located: css = a[href='/contact/']
🔧 Element found: a
  When I try to locate by "css" with value "a[href='/contact/']" # com.example.steps.LocatorSteps.i_try_to_locate_by_with_value(java.lang.String,java.lang.String)
  Then the element should be found successfully                  # com.example.steps.LocatorSteps.the_element_should_be_found_successfully()
]]></system-out>
  </testcase>
  <testcase name="Valid XPATH locator" classname="RTCtek - Demonstrate failing locators across strategies" time="0.146">
    <system-out><![CDATA[
@rtctek @good_xpath
Scenario: Valid XPATH locator                                                    # src/test/resources/features/rtctek_locators.feature:77
  Given I open the RTCtek homepage                                               # com.example.steps.LocatorSteps.i_open_the_rtctek_homepage()
✅ Successfully located: xpath = //h2[contains(text(),'Services')]
🔧 Element found: h2
  When I try to locate by "xpath" with value "//h2[contains(text(),'Services')]" # com.example.steps.LocatorSteps.i_try_to_locate_by_with_value(java.lang.String,java.lang.String)
  Then the element should be found successfully                                  # com.example.steps.LocatorSteps.the_element_should_be_found_successfully()
]]></system-out>
  </testcase>
  <testcase name="Valid LINKTEXT locator" classname="RTCtek - Demonstrate failing locators across strategies" time="0.155">
    <system-out><![CDATA[
@rtctek @good_linktext
Scenario: Valid LINKTEXT locator                             # src/test/resources/features/rtctek_locators.feature:82
  Given I open the RTCtek homepage                           # com.example.steps.LocatorSteps.i_open_the_rtctek_homepage()
✅ Successfully located: linkText = Contact Us
🔧 Element found: a
  When I try to locate by "linkText" with value "Contact Us" # com.example.steps.LocatorSteps.i_try_to_locate_by_with_value(java.lang.String,java.lang.String)
  Then the element should be found successfully              # com.example.steps.LocatorSteps.the_element_should_be_found_successfully()
]]></system-out>
  </testcase>
</testsuite>